Using pre-set license
Built from '2020.3/staging' branch; Version is '2020.3.19f1 (68f137dc9bbe) revision 6877495'; Using compiler version '192528614'; Build Type 'Release'
OS: 'Windows 10 Pro; OS build 19042.1288; Version 2009; 64bit' Language: 'es' Physical Memory: 16342 MB
BatchMode: 1, IsHumanControllingUs: 0, StartBugReporterOnCrash: 0, Is64bit: 1, IsPro: 0

COMMAND LINE ARGUMENTS:
C:\Program Files\Unity\Hub\Editor\2020.3.19f1\Editor\Unity.exe
-adb2
-batchMode
-noUpm
-name
AssetImportWorker0
-projectPath
D:/Elian_Soria_Zamora/PMI/entregable-4-elian-soria/Entregable 4
-logFile
Logs/AssetImportWorker0.log
-srvPort
61783
Successfully changed project path to: D:/Elian_Soria_Zamora/PMI/entregable-4-elian-soria/Entregable 4
D:/Elian_Soria_Zamora/PMI/entregable-4-elian-soria/Entregable 4
Using Asset Import Pipeline V2.
Refreshing native plugins compatible for Editor in 32.88 ms, found 2 plugins.
Preloading 0 native plugins for Editor in 0.00 ms.
Initialize engine version: 2020.3.19f1 (68f137dc9bbe)
[Subsystems] Discovering subsystems at path C:/Program Files/Unity/Hub/Editor/2020.3.19f1/Editor/Data/Resources/UnitySubsystems
[Subsystems] Discovering subsystems at path D:/Elian_Soria_Zamora/PMI/entregable-4-elian-soria/Entregable 4/Assets
GfxDevice: creating device client; threaded=0
Direct3D:
    Version:  Direct3D 11.0 [level 11.1]
    Renderer: NVIDIA GeForce GTX 1650 (ID=0x1f82)
    Vendor:   
    VRAM:     3962 MB
    Driver:   27.21.14.5671
Initialize mono
Mono path[0] = 'C:/Program Files/Unity/Hub/Editor/2020.3.19f1/Editor/Data/Managed'
Mono path[1] = 'C:/Program Files/Unity/Hub/Editor/2020.3.19f1/Editor/Data/MonoBleedingEdge/lib/mono/unityjit'
Mono config path = 'C:/Program Files/Unity/Hub/Editor/2020.3.19f1/Editor/Data/MonoBleedingEdge/etc'
Using monoOptions --debugger-agent=transport=dt_socket,embedding=1,server=y,suspend=n,address=127.0.0.1:56772
Begin MonoManager ReloadAssembly
Registering precompiled unity dll's ...
Register platform support module: C:/Program Files/Unity/Hub/Editor/2020.3.19f1/Editor/Data/PlaybackEngines/WindowsStandaloneSupport/UnityEditor.WindowsStandalone.Extensions.dll
Registered in 0.001999 seconds.
Native extension for WindowsStandalone target not found
Refreshing native plugins compatible for Editor in 30.39 ms, found 2 plugins.
Preloading 0 native plugins for Editor in 0.00 ms.
Mono: successfully reloaded assembly
- Completed reload, in  1.187 seconds
Domain Reload Profiling:
	ReloadAssembly (1188ms)
		BeginReloadAssembly (61ms)
			ExecutionOrderSort (0ms)
			DisableScriptedObjects (0ms)
			BackupInstance (0ms)
			ReleaseScriptingObjects (0ms)
			CreateAndSetChildDomain (1ms)
		EndReloadAssembly (451ms)
			LoadAssemblies (59ms)
			RebuildTransferFunctionScriptingTraits (0ms)
			SetupTypeCache (172ms)
			ReleaseScriptCaches (0ms)
			RebuildScriptCaches (36ms)
			SetupLoadedEditorAssemblies (167ms)
				LogAssemblyErrors (0ms)
				InitializePlatformSupportModulesInManaged (4ms)
				SetLoadedEditorAssemblies (0ms)
				RefreshPlugins (30ms)
				BeforeProcessingInitializeOnLoad (10ms)
				ProcessInitializeOnLoadAttributes (90ms)
				ProcessInitializeOnLoadMethodAttributes (32ms)
				AfterProcessingInitializeOnLoad (0ms)
				EditorAssembliesLoaded (0ms)
			ExecutionOrderSort2 (0ms)
			AwakeInstancesAfterBackupRestoration (0ms)
Platform modules already initialized, skipping
Registering precompiled user dll's ...
Registered in 0.002066 seconds.
Begin MonoManager ReloadAssembly
Native extension for WindowsStandalone target not found
Refreshing native plugins compatible for Editor in 0.33 ms, found 2 plugins.
Preloading 0 native plugins for Editor in 0.00 ms.
Mono: successfully reloaded assembly
- Completed reload, in  1.074 seconds
Domain Reload Profiling:
	ReloadAssembly (1075ms)
		BeginReloadAssembly (159ms)
			ExecutionOrderSort (0ms)
			DisableScriptedObjects (5ms)
			BackupInstance (0ms)
			ReleaseScriptingObjects (0ms)
			CreateAndSetChildDomain (20ms)
		EndReloadAssembly (846ms)
			LoadAssemblies (90ms)
			RebuildTransferFunctionScriptingTraits (0ms)
			SetupTypeCache (294ms)
			ReleaseScriptCaches (0ms)
			RebuildScriptCaches (46ms)
			SetupLoadedEditorAssemblies (314ms)
				LogAssemblyErrors (0ms)
				InitializePlatformSupportModulesInManaged (5ms)
				SetLoadedEditorAssemblies (0ms)
				RefreshPlugins (0ms)
				BeforeProcessingInitializeOnLoad (57ms)
				ProcessInitializeOnLoadAttributes (238ms)
				ProcessInitializeOnLoadMethodAttributes (5ms)
				AfterProcessingInitializeOnLoad (8ms)
				EditorAssembliesLoaded (0ms)
			ExecutionOrderSort2 (0ms)
			AwakeInstancesAfterBackupRestoration (7ms)
Platform modules already initialized, skipping
========================================================================
Worker process is ready to serve import requests
Launched and connected shader compiler UnityShaderCompiler.exe after 0.05 seconds
Refreshing native plugins compatible for Editor in 0.31 ms, found 2 plugins.
Preloading 0 native plugins for Editor in 0.00 ms.
Unloading 1397 Unused Serialized files (Serialized files now loaded: 0)
System memory in use before: 64.8 MB.
System memory in use after: 64.9 MB.

Unloading 16 unused Assets to reduce memory usage. Loaded Objects now: 1832.
Total: 3.063300 ms (FindLiveObjects: 0.142400 ms CreateObjectMapping: 0.047200 ms MarkObjects: 2.780100 ms  DeleteObjects: 0.092700 ms)

AssetImportParameters requested are different than current active one (requested -> active):
  custom:framework-win-MediaFoundation: 216162199b28c13a410421893ffa2e32 -> 
  custom:video-decoder-ogg-theora: a1e56fd34408186e4bbccfd4996cb3dc -> 
  custom:container-muxer-webm: aa71ff27fc2769a1b78a27578f13a17b -> 
  custom:container-demuxer-webm: 4f35f7cbe854078d1ac9338744f61a02 -> 
  custom:container-demuxer-ogg: 62fdf1f143b41e24485cea50d1cbac27 -> 
  custom:video-encoder-webm-vp8: eb34c28f22e8b96e1ab97ce403110664 -> 
  custom:video-decoder-webm-vp8: 9c59270c3fd7afecdb556c50c9e8de78 -> 
  custom:audio-decoder-ogg-vorbis: bf7c407c2cedff20999df2af8eb42d56 -> 
  custom:audio-encoder-webm-vorbis: bf7c407c2cedff20999df2af8eb42d56 -> 
========================================================================
Received Import Request.
  path: Assets
  artifactKey: Guid(00000000000000001000000000000000) Importer(815301076,1909f56bfc062723c751e8b465ee728b)
Start importing Assets using Guid(00000000000000001000000000000000) Importer(815301076,1909f56bfc062723c751e8b465ee728b)  -> (artifact id: '42d402b061de3733987d63b9cc3b64de') in 0.003293 seconds 
  Import took 0.005407 seconds .

========================================================================
Received Import Request.
  Time since last request: 434.786251 seconds.
  path: Assets/Materials
  artifactKey: Guid(f6c87a1fda5aa094cb59fd315a8d1330) Importer(815301076,1909f56bfc062723c751e8b465ee728b)
Start importing Assets/Materials using Guid(f6c87a1fda5aa094cb59fd315a8d1330) Importer(815301076,1909f56bfc062723c751e8b465ee728b)  -> (artifact id: 'a7481332cc9aa45381495528542ca0ea') in 0.002374 seconds 
  Import took 0.005391 seconds .

========================================================================
Received Import Request.
  Time since last request: 6.269862 seconds.
  path: Assets/Texture
  artifactKey: Guid(a9554243c85eb104a855fe2d72d28c68) Importer(815301076,1909f56bfc062723c751e8b465ee728b)
Start importing Assets/Texture using Guid(a9554243c85eb104a855fe2d72d28c68) Importer(815301076,1909f56bfc062723c751e8b465ee728b)  -> (artifact id: 'cc3aa8685e0681273d1c15f434a61b4f') in 0.002557 seconds 
  Import took 0.005662 seconds .

========================================================================
Received Import Request.
  Time since last request: 5.000682 seconds.
  path: Assets/Textures
  artifactKey: Guid(a9554243c85eb104a855fe2d72d28c68) Importer(815301076,1909f56bfc062723c751e8b465ee728b)
Start importing Assets/Textures using Guid(a9554243c85eb104a855fe2d72d28c68) Importer(815301076,1909f56bfc062723c751e8b465ee728b)  -> (artifact id: '75d664440a14f1cb70d2343b9f438314') in 0.001233 seconds 
  Import took 0.004503 seconds .

========================================================================
Received Import Request.
  Time since last request: 24.110111 seconds.
  path: Assets/Textures/posters-modelo-inconsutil-del-vector-fondo-de-placa-de-circuito-electronico.jpg.jpg
  artifactKey: Guid(72cad29726572b54e9efcfa046b49287) Importer(815301076,1909f56bfc062723c751e8b465ee728b)
Start importing Assets/Textures/posters-modelo-inconsutil-del-vector-fondo-de-placa-de-circuito-electronico.jpg.jpg using Guid(72cad29726572b54e9efcfa046b49287) Importer(815301076,1909f56bfc062723c751e8b465ee728b)  -> (artifact id: '554d8e08432ab76d633dd7e8d3044c34') in 0.067156 seconds 
  Import took 0.069911 seconds .

========================================================================
Received Import Request.
  Time since last request: 21.309736 seconds.
  path: Assets/Materials/Custom_Mat.mat
  artifactKey: Guid(0d26a36a35e43684eb733875f8262925) Importer(815301076,1909f56bfc062723c751e8b465ee728b)
Start importing Assets/Materials/Custom_Mat.mat using Guid(0d26a36a35e43684eb733875f8262925) Importer(815301076,1909f56bfc062723c751e8b465ee728b)  -> (artifact id: '0dbd5493e345b2163c29e43f2124fcf8') in 0.071850 seconds 
  Import took 0.074801 seconds .

========================================================================
Received Import Request.
  Time since last request: 66.136623 seconds.
  path: Assets/Materials/Mat_2.mat
  artifactKey: Guid(d7c2672199927d04a9ebf4bc84aafb66) Importer(815301076,1909f56bfc062723c751e8b465ee728b)
Start importing Assets/Materials/Mat_2.mat using Guid(d7c2672199927d04a9ebf4bc84aafb66) Importer(815301076,1909f56bfc062723c751e8b465ee728b)  -> (artifact id: 'bef0fee1e49e1ac75ba9cfa091536891') in 0.010583 seconds 
  Import took 0.013576 seconds .

========================================================================
Received Import Request.
  Time since last request: 21.833426 seconds.
  path: Assets/Materials/Custom_Mat.mat
  artifactKey: Guid(0d26a36a35e43684eb733875f8262925) Importer(815301076,1909f56bfc062723c751e8b465ee728b)
Start importing Assets/Materials/Custom_Mat.mat using Guid(0d26a36a35e43684eb733875f8262925) Importer(815301076,1909f56bfc062723c751e8b465ee728b)  -> (artifact id: '49b475ad617c6f06be9c48882c8ce713') in 0.010268 seconds 
  Import took 0.013186 seconds .

========================================================================
Received Import Request.
  Time since last request: 0.000289 seconds.
  path: Assets/Materials/Mat_2.mat
  artifactKey: Guid(d7c2672199927d04a9ebf4bc84aafb66) Importer(815301076,1909f56bfc062723c751e8b465ee728b)
Start importing Assets/Materials/Mat_2.mat using Guid(d7c2672199927d04a9ebf4bc84aafb66) Importer(815301076,1909f56bfc062723c751e8b465ee728b)  -> (artifact id: '1591f1509bf2531190c1a3ebb70d3a0c') in 0.008381 seconds 
  Import took 0.010941 seconds .

========================================================================
Received Import Request.
  Time since last request: 47.048048 seconds.
  path: Assets/Prefabs
  artifactKey: Guid(2df00a4e4437dd140bd0942ef6c8abcb) Importer(815301076,1909f56bfc062723c751e8b465ee728b)
Start importing Assets/Prefabs using Guid(2df00a4e4437dd140bd0942ef6c8abcb) Importer(815301076,1909f56bfc062723c751e8b465ee728b)  -> (artifact id: '19a71c62bfc2dc04a449e8fd11f6efcc') in 0.002641 seconds 
  Import took 0.005544 seconds .

========================================================================
Received Import Request.
  Time since last request: 4.759482 seconds.
  path: Assets/Prefabs/Player.prefab
  artifactKey: Guid(bc24f587631ef9a4dbdfadc9eb45ebfc) Importer(815301076,1909f56bfc062723c751e8b465ee728b)
Start importing Assets/Prefabs/Player.prefab using Guid(bc24f587631ef9a4dbdfadc9eb45ebfc) Importer(815301076,1909f56bfc062723c751e8b465ee728b)  -> (artifact id: '042a82de48c769dabeccb577555c88d0') in 0.024552 seconds 
  Import took 0.027610 seconds .

========================================================================
Received Import Request.
  Time since last request: 15.439947 seconds.
  path: Assets/Scripts
  artifactKey: Guid(e710ce867f71b464881d66eafbfe30d7) Importer(815301076,1909f56bfc062723c751e8b465ee728b)
Start importing Assets/Scripts using Guid(e710ce867f71b464881d66eafbfe30d7) Importer(815301076,1909f56bfc062723c751e8b465ee728b)  -> (artifact id: '88320d399a63976b3bd9d6347082b322') in 0.002354 seconds 
  Import took 0.005340 seconds .

========================================================================
Received Import Request.
  Time since last request: 7.699223 seconds.
  path: Assets/Scripts/PositionGenerator.cs
  artifactKey: Guid(4c1137f5f55a83a45ac7143a650031da) Importer(815301076,1909f56bfc062723c751e8b465ee728b)
Start importing Assets/Scripts/PositionGenerator.cs using Guid(4c1137f5f55a83a45ac7143a650031da) Importer(815301076,1909f56bfc062723c751e8b465ee728b)  -> (artifact id: '4cc366545c3436466dc3703eca901cde') in 0.018302 seconds 
  Import took 0.020804 seconds .

========================================================================
Received Prepare
Registering precompiled user dll's ...
Registered in 0.002218 seconds.
Begin MonoManager ReloadAssembly
Native extension for WindowsStandalone target not found
Refreshing native plugins compatible for Editor in 0.30 ms, found 2 plugins.
Preloading 0 native plugins for Editor in 0.00 ms.
Mono: successfully reloaded assembly
- Completed reload, in  1.022 seconds
Domain Reload Profiling:
	ReloadAssembly (1023ms)
		BeginReloadAssembly (112ms)
			ExecutionOrderSort (0ms)
			DisableScriptedObjects (4ms)
			BackupInstance (0ms)
			ReleaseScriptingObjects (0ms)
			CreateAndSetChildDomain (34ms)
		EndReloadAssembly (839ms)
			LoadAssemblies (91ms)
			RebuildTransferFunctionScriptingTraits (0ms)
			SetupTypeCache (301ms)
			ReleaseScriptCaches (1ms)
			RebuildScriptCaches (39ms)
			SetupLoadedEditorAssemblies (299ms)
				LogAssemblyErrors (0ms)
				InitializePlatformSupportModulesInManaged (5ms)
				SetLoadedEditorAssemblies (0ms)
				RefreshPlugins (0ms)
				BeforeProcessingInitializeOnLoad (52ms)
				ProcessInitializeOnLoadAttributes (229ms)
				ProcessInitializeOnLoadMethodAttributes (5ms)
				AfterProcessingInitializeOnLoad (7ms)
				EditorAssembliesLoaded (0ms)
			ExecutionOrderSort2 (0ms)
			AwakeInstancesAfterBackupRestoration (9ms)
Platform modules already initialized, skipping
Refreshing native plugins compatible for Editor in 0.33 ms, found 2 plugins.
Preloading 0 native plugins for Editor in 0.00 ms.
Unloading 1392 Unused Serialized files (Serialized files now loaded: 0)
System memory in use before: 68.1 MB.
System memory in use after: 68.3 MB.

Unloading 11 unused Assets to reduce memory usage. Loaded Objects now: 1880.
Total: 3.181400 ms (FindLiveObjects: 0.136500 ms CreateObjectMapping: 0.042500 ms MarkObjects: 2.959100 ms  DeleteObjects: 0.042100 ms)

AssetImportParameters requested are different than current active one (requested -> active):
  custom:framework-win-MediaFoundation: 216162199b28c13a410421893ffa2e32 -> 
  custom:video-decoder-ogg-theora: a1e56fd34408186e4bbccfd4996cb3dc -> 
  custom:container-muxer-webm: aa71ff27fc2769a1b78a27578f13a17b -> 
  custom:container-demuxer-webm: 4f35f7cbe854078d1ac9338744f61a02 -> 
  custom:container-demuxer-ogg: 62fdf1f143b41e24485cea50d1cbac27 -> 
  custom:video-encoder-webm-vp8: eb34c28f22e8b96e1ab97ce403110664 -> 
  custom:video-decoder-webm-vp8: 9c59270c3fd7afecdb556c50c9e8de78 -> 
  custom:audio-decoder-ogg-vorbis: bf7c407c2cedff20999df2af8eb42d56 -> 
  custom:audio-encoder-webm-vorbis: bf7c407c2cedff20999df2af8eb42d56 -> 
========================================================================
Received Prepare
Registering precompiled user dll's ...
Registered in 0.002072 seconds.
Begin MonoManager ReloadAssembly
Native extension for WindowsStandalone target not found
Refreshing native plugins compatible for Editor in 0.31 ms, found 2 plugins.
Preloading 0 native plugins for Editor in 0.00 ms.
Mono: successfully reloaded assembly
- Completed reload, in  1.066 seconds
Domain Reload Profiling:
	ReloadAssembly (1067ms)
		BeginReloadAssembly (116ms)
			ExecutionOrderSort (0ms)
			DisableScriptedObjects (6ms)
			BackupInstance (0ms)
			ReleaseScriptingObjects (0ms)
			CreateAndSetChildDomain (33ms)
		EndReloadAssembly (880ms)
			LoadAssemblies (91ms)
			RebuildTransferFunctionScriptingTraits (0ms)
			SetupTypeCache (324ms)
			ReleaseScriptCaches (1ms)
			RebuildScriptCaches (44ms)
			SetupLoadedEditorAssemblies (307ms)
				LogAssemblyErrors (0ms)
				InitializePlatformSupportModulesInManaged (6ms)
				SetLoadedEditorAssemblies (1ms)
				RefreshPlugins (0ms)
				BeforeProcessingInitializeOnLoad (56ms)
				ProcessInitializeOnLoadAttributes (232ms)
				ProcessInitializeOnLoadMethodAttributes (4ms)
				AfterProcessingInitializeOnLoad (7ms)
				EditorAssembliesLoaded (0ms)
			ExecutionOrderSort2 (0ms)
			AwakeInstancesAfterBackupRestoration (8ms)
Platform modules already initialized, skipping
Refreshing native plugins compatible for Editor in 2.26 ms, found 2 plugins.
Preloading 0 native plugins for Editor in 0.00 ms.
Unloading 1392 Unused Serialized files (Serialized files now loaded: 0)
System memory in use before: 68.2 MB.
System memory in use after: 68.3 MB.

Unloading 11 unused Assets to reduce memory usage. Loaded Objects now: 1882.
Total: 6.120700 ms (FindLiveObjects: 0.190200 ms CreateObjectMapping: 0.049000 ms MarkObjects: 5.834300 ms  DeleteObjects: 0.045900 ms)

AssetImportParameters requested are different than current active one (requested -> active):
  custom:framework-win-MediaFoundation: 216162199b28c13a410421893ffa2e32 -> 
  custom:video-decoder-ogg-theora: a1e56fd34408186e4bbccfd4996cb3dc -> 
  custom:container-muxer-webm: aa71ff27fc2769a1b78a27578f13a17b -> 
  custom:container-demuxer-webm: 4f35f7cbe854078d1ac9338744f61a02 -> 
  custom:container-demuxer-ogg: 62fdf1f143b41e24485cea50d1cbac27 -> 
  custom:video-encoder-webm-vp8: eb34c28f22e8b96e1ab97ce403110664 -> 
  custom:video-decoder-webm-vp8: 9c59270c3fd7afecdb556c50c9e8de78 -> 
  custom:audio-decoder-ogg-vorbis: bf7c407c2cedff20999df2af8eb42d56 -> 
  custom:audio-encoder-webm-vorbis: bf7c407c2cedff20999df2af8eb42d56 -> 
========================================================================
Received Import Request.
  Time since last request: 144.611232 seconds.
  path: Assets/Scripts/PositionGenerator.cs
  artifactKey: Guid(4c1137f5f55a83a45ac7143a650031da) Importer(815301076,1909f56bfc062723c751e8b465ee728b)
Start importing Assets/Scripts/PositionGenerator.cs using Guid(4c1137f5f55a83a45ac7143a650031da) Importer(815301076,1909f56bfc062723c751e8b465ee728b)  -> (artifact id: '88f12e1cc59b6b0a3e4c4c43edfb34ef') in 0.003348 seconds 
  Import took 0.005593 seconds .

========================================================================
Received Import Request.
  Time since last request: 225.702046 seconds.
  path: Assets/Scripts/PositionGenerator.cs
  artifactKey: Guid(4c1137f5f55a83a45ac7143a650031da) Importer(815301076,1909f56bfc062723c751e8b465ee728b)
Start importing Assets/Scripts/PositionGenerator.cs using Guid(4c1137f5f55a83a45ac7143a650031da) Importer(815301076,1909f56bfc062723c751e8b465ee728b)  -> (artifact id: 'c4d7c15649b5888100013cd672d059b2') in 0.003402 seconds 
  Import took 0.006208 seconds .

========================================================================
Received Import Request.
  Time since last request: 48.813837 seconds.
  path: Assets/Scripts/PositionGenerator.cs
  artifactKey: Guid(4c1137f5f55a83a45ac7143a650031da) Importer(815301076,1909f56bfc062723c751e8b465ee728b)
Start importing Assets/Scripts/PositionGenerator.cs using Guid(4c1137f5f55a83a45ac7143a650031da) Importer(815301076,1909f56bfc062723c751e8b465ee728b)  -> (artifact id: 'aa2ed113b8e2ff4f55fa309982f27d3e') in 0.002307 seconds 
  Import took 0.005250 seconds .

========================================================================
Received Import Request.
  Time since last request: 14.201477 seconds.
  path: Assets/Scripts/PositionGenerator.cs
  artifactKey: Guid(4c1137f5f55a83a45ac7143a650031da) Importer(815301076,1909f56bfc062723c751e8b465ee728b)
Start importing Assets/Scripts/PositionGenerator.cs using Guid(4c1137f5f55a83a45ac7143a650031da) Importer(815301076,1909f56bfc062723c751e8b465ee728b)  -> (artifact id: 'a01c331c7735342ffa659f0e293defc2') in 0.002217 seconds 
  Import took 0.005830 seconds .

========================================================================
Received Import Request.
  Time since last request: 93.427595 seconds.
  path: Assets/Scripts/PositionGenerator.cs
  artifactKey: Guid(4c1137f5f55a83a45ac7143a650031da) Importer(815301076,1909f56bfc062723c751e8b465ee728b)
Start importing Assets/Scripts/PositionGenerator.cs using Guid(4c1137f5f55a83a45ac7143a650031da) Importer(815301076,1909f56bfc062723c751e8b465ee728b)  -> (artifact id: 'e7729fd4fb17ff9a1de4ae3227857dd3') in 0.002182 seconds 
  Import took 0.006786 seconds .

========================================================================
Received Import Request.
  Time since last request: 312.056585 seconds.
  path: Assets/Scripts/PositionGenerator.cs
  artifactKey: Guid(4c1137f5f55a83a45ac7143a650031da) Importer(815301076,1909f56bfc062723c751e8b465ee728b)
Start importing Assets/Scripts/PositionGenerator.cs using Guid(4c1137f5f55a83a45ac7143a650031da) Importer(815301076,1909f56bfc062723c751e8b465ee728b)  -> (artifact id: '5ca345467ea0921622fbe98e2f5dc205') in 0.002179 seconds 
  Import took 0.009781 seconds .

========================================================================
Received Import Request.
  Time since last request: 406.537264 seconds.
  path: Assets/Scripts/PositionGenerator.cs
  artifactKey: Guid(4c1137f5f55a83a45ac7143a650031da) Importer(815301076,1909f56bfc062723c751e8b465ee728b)
Start importing Assets/Scripts/PositionGenerator.cs using Guid(4c1137f5f55a83a45ac7143a650031da) Importer(815301076,1909f56bfc062723c751e8b465ee728b)  -> (artifact id: 'f7ff901ee05aa9e1e3d51830a1ab6366') in 0.005498 seconds 
  Import took 0.009435 seconds .

========================================================================
Received Import Request.
  Time since last request: 21.478703 seconds.
  path: Assets/Scripts/PositionGenerator.cs
  artifactKey: Guid(4c1137f5f55a83a45ac7143a650031da) Importer(815301076,1909f56bfc062723c751e8b465ee728b)
Start importing Assets/Scripts/PositionGenerator.cs using Guid(4c1137f5f55a83a45ac7143a650031da) Importer(815301076,1909f56bfc062723c751e8b465ee728b)  -> (artifact id: 'f3017f5d211b996db1fbfadf0f100f07') in 0.003659 seconds 
  Import took 0.007562 seconds .

========================================================================
Received Import Request.
  Time since last request: 12.695875 seconds.
  path: Assets/Scripts/PositionGenerator.cs
  artifactKey: Guid(4c1137f5f55a83a45ac7143a650031da) Importer(815301076,1909f56bfc062723c751e8b465ee728b)
Start importing Assets/Scripts/PositionGenerator.cs using Guid(4c1137f5f55a83a45ac7143a650031da) Importer(815301076,1909f56bfc062723c751e8b465ee728b)  -> (artifact id: '191068ff425ee22511422c68e176882e') in 0.002423 seconds 
  Import took 0.008299 seconds .

========================================================================
Received Import Request.
  Time since last request: 215.647858 seconds.
  path: Assets/Scripts/PositionGenerator.cs
  artifactKey: Guid(4c1137f5f55a83a45ac7143a650031da) Importer(815301076,1909f56bfc062723c751e8b465ee728b)
Start importing Assets/Scripts/PositionGenerator.cs using Guid(4c1137f5f55a83a45ac7143a650031da) Importer(815301076,1909f56bfc062723c751e8b465ee728b)  -> (artifact id: '61dc36c6625a33afe628c3d664b2690a') in 0.003003 seconds 
  Import took 0.008492 seconds .

========================================================================
Received Import Request.
  Time since last request: 11.521077 seconds.
  path: Assets/Scripts/PositionGenerator.cs
  artifactKey: Guid(4c1137f5f55a83a45ac7143a650031da) Importer(815301076,1909f56bfc062723c751e8b465ee728b)
Start importing Assets/Scripts/PositionGenerator.cs using Guid(4c1137f5f55a83a45ac7143a650031da) Importer(815301076,1909f56bfc062723c751e8b465ee728b)  -> (artifact id: 'bd5166d0d3e11c0afa1aa29d80fe7cf0') in 0.001970 seconds 
  Import took 0.007482 seconds .

========================================================================
Received Import Request.
  Time since last request: 12.145795 seconds.
  path: Assets/Scripts/PositionGenerator.cs
  artifactKey: Guid(4c1137f5f55a83a45ac7143a650031da) Importer(815301076,1909f56bfc062723c751e8b465ee728b)
Start importing Assets/Scripts/PositionGenerator.cs using Guid(4c1137f5f55a83a45ac7143a650031da) Importer(815301076,1909f56bfc062723c751e8b465ee728b)  -> (artifact id: 'a477cb646452e59d607dc9b939a602f7') in 0.001392 seconds 
  Import took 0.006490 seconds .

========================================================================
Received Import Request.
  Time since last request: 42.521162 seconds.
  path: Assets/Scripts/PositionGenerator.cs
  artifactKey: Guid(4c1137f5f55a83a45ac7143a650031da) Importer(815301076,1909f56bfc062723c751e8b465ee728b)
Start importing Assets/Scripts/PositionGenerator.cs using Guid(4c1137f5f55a83a45ac7143a650031da) Importer(815301076,1909f56bfc062723c751e8b465ee728b)  -> (artifact id: '4b61fb7180900605ac79627faed0e84d') in 0.002745 seconds 
  Import took 0.008433 seconds .

========================================================================
Received Import Request.
  Time since last request: 131.579277 seconds.
  path: Assets/Scripts/PositionGenerator.cs
  artifactKey: Guid(4c1137f5f55a83a45ac7143a650031da) Importer(815301076,1909f56bfc062723c751e8b465ee728b)
Start importing Assets/Scripts/PositionGenerator.cs using Guid(4c1137f5f55a83a45ac7143a650031da) Importer(815301076,1909f56bfc062723c751e8b465ee728b)  -> (artifact id: '84d1f7e3d1d29cfad6f46249b2d4eb41') in 0.004318 seconds 
  Import took 0.008015 seconds .

========================================================================
Received Import Request.
  Time since last request: 73.238074 seconds.
  path: Assets/Scripts/PositionGenerator.cs
  artifactKey: Guid(4c1137f5f55a83a45ac7143a650031da) Importer(815301076,1909f56bfc062723c751e8b465ee728b)
Start importing Assets/Scripts/PositionGenerator.cs using Guid(4c1137f5f55a83a45ac7143a650031da) Importer(815301076,1909f56bfc062723c751e8b465ee728b)  -> (artifact id: 'ed8f7f0b35091d3559dd875ce21990b3') in 0.003792 seconds 
  Import took 0.006972 seconds .

========================================================================
Received Import Request.
  Time since last request: 6.173052 seconds.
  path: Assets/Scripts/PositionGenerator.cs
  artifactKey: Guid(4c1137f5f55a83a45ac7143a650031da) Importer(815301076,1909f56bfc062723c751e8b465ee728b)
Start importing Assets/Scripts/PositionGenerator.cs using Guid(4c1137f5f55a83a45ac7143a650031da) Importer(815301076,1909f56bfc062723c751e8b465ee728b)  -> (artifact id: '22a796664007a32138dfbe3e4e4cf079') in 0.002592 seconds 
  Import took 0.009451 seconds .

========================================================================
Received Import Request.
  Time since last request: 67.897627 seconds.
  path: Assets/Scripts/PositionGenerator.cs
  artifactKey: Guid(4c1137f5f55a83a45ac7143a650031da) Importer(815301076,1909f56bfc062723c751e8b465ee728b)
Start importing Assets/Scripts/PositionGenerator.cs using Guid(4c1137f5f55a83a45ac7143a650031da) Importer(815301076,1909f56bfc062723c751e8b465ee728b)  -> (artifact id: 'eb2d52eb1a43bee5f9bd74bffcfcc8ae') in 0.002215 seconds 
  Import took 0.005558 seconds .

========================================================================
Received Import Request.
  Time since last request: 19.007406 seconds.
  path: Assets/Scripts/PositionGenerator.cs
  artifactKey: Guid(4c1137f5f55a83a45ac7143a650031da) Importer(815301076,1909f56bfc062723c751e8b465ee728b)
Start importing Assets/Scripts/PositionGenerator.cs using Guid(4c1137f5f55a83a45ac7143a650031da) Importer(815301076,1909f56bfc062723c751e8b465ee728b)  -> (artifact id: '6362727547b3fbd0083e946f59ce9169') in 0.009392 seconds 
  Import took 0.012514 seconds .

========================================================================
Received Import Request.
  Time since last request: 98.562926 seconds.
  path: Assets/Scripts/PositionGenerator.cs
  artifactKey: Guid(4c1137f5f55a83a45ac7143a650031da) Importer(815301076,1909f56bfc062723c751e8b465ee728b)
Start importing Assets/Scripts/PositionGenerator.cs using Guid(4c1137f5f55a83a45ac7143a650031da) Importer(815301076,1909f56bfc062723c751e8b465ee728b)  -> (artifact id: 'b73d7e2f08cd0ba12be5a13d078d36cf') in 0.003360 seconds 
  Import took 0.008038 seconds .

========================================================================
Received Import Request.
  Time since last request: 21.610845 seconds.
  path: Assets/Scripts/PositionGenerator.cs
  artifactKey: Guid(4c1137f5f55a83a45ac7143a650031da) Importer(815301076,1909f56bfc062723c751e8b465ee728b)
Start importing Assets/Scripts/PositionGenerator.cs using Guid(4c1137f5f55a83a45ac7143a650031da) Importer(815301076,1909f56bfc062723c751e8b465ee728b)  -> (artifact id: '7f0f81dc9131f21556d72877394d2a8c') in 0.007603 seconds 
  Import took 0.011008 seconds .

========================================================================
Received Import Request.
  Time since last request: 20.393319 seconds.
  path: Assets/Scripts/PositionGenerator.cs
  artifactKey: Guid(4c1137f5f55a83a45ac7143a650031da) Importer(815301076,1909f56bfc062723c751e8b465ee728b)
Start importing Assets/Scripts/PositionGenerator.cs using Guid(4c1137f5f55a83a45ac7143a650031da) Importer(815301076,1909f56bfc062723c751e8b465ee728b)  -> (artifact id: '9f284aaba3395e0e1ddf4364d7e09b78') in 0.003026 seconds 
  Import took 0.006861 seconds .

========================================================================
Received Import Request.
  Time since last request: 4.699878 seconds.
  path: Assets/Scripts/PositionGenerator.cs
  artifactKey: Guid(4c1137f5f55a83a45ac7143a650031da) Importer(815301076,1909f56bfc062723c751e8b465ee728b)
Start importing Assets/Scripts/PositionGenerator.cs using Guid(4c1137f5f55a83a45ac7143a650031da) Importer(815301076,1909f56bfc062723c751e8b465ee728b)  -> (artifact id: '27c9cd9ee19ed3fb6c3fd553f8a9e2ed') in 0.005683 seconds 
  Import took 0.012587 seconds .

========================================================================
Received Import Request.
  Time since last request: 7.037795 seconds.
  path: Assets/Scripts/PositionGenerator.cs
  artifactKey: Guid(4c1137f5f55a83a45ac7143a650031da) Importer(815301076,1909f56bfc062723c751e8b465ee728b)
Start importing Assets/Scripts/PositionGenerator.cs using Guid(4c1137f5f55a83a45ac7143a650031da) Importer(815301076,1909f56bfc062723c751e8b465ee728b)  -> (artifact id: '33e21a9f232e20ef053cc8e50d9f7a7c') in 0.002334 seconds 
  Import took 0.006203 seconds .

========================================================================
Received Import Request.
  Time since last request: 45.200643 seconds.
  path: Assets/Scripts/PositionGenerator.cs
  artifactKey: Guid(4c1137f5f55a83a45ac7143a650031da) Importer(815301076,1909f56bfc062723c751e8b465ee728b)
Start importing Assets/Scripts/PositionGenerator.cs using Guid(4c1137f5f55a83a45ac7143a650031da) Importer(815301076,1909f56bfc062723c751e8b465ee728b)  -> (artifact id: 'b4f01b545a84b4d5b51abdb5cd2ef527') in 0.002930 seconds 
  Import took 0.007348 seconds .

========================================================================
Received Import Request.
  Time since last request: 17.715682 seconds.
  path: Assets/Scripts/PositionGenerator.cs
  artifactKey: Guid(4c1137f5f55a83a45ac7143a650031da) Importer(815301076,1909f56bfc062723c751e8b465ee728b)
Start importing Assets/Scripts/PositionGenerator.cs using Guid(4c1137f5f55a83a45ac7143a650031da) Importer(815301076,1909f56bfc062723c751e8b465ee728b)  -> (artifact id: 'ce7d7a311c3c090b664bfffb80624d27') in 0.006795 seconds 
  Import took 0.011616 seconds .

========================================================================
Received Import Request.
  Time since last request: 37.593971 seconds.
  path: Assets/Scripts/PositionGenerator.cs
  artifactKey: Guid(4c1137f5f55a83a45ac7143a650031da) Importer(815301076,1909f56bfc062723c751e8b465ee728b)
Start importing Assets/Scripts/PositionGenerator.cs using Guid(4c1137f5f55a83a45ac7143a650031da) Importer(815301076,1909f56bfc062723c751e8b465ee728b)  -> (artifact id: '576f0e7a94b23c96fa91ef3b9c2f433a') in 0.004304 seconds 
  Import took 0.007494 seconds .

========================================================================
Received Import Request.
  Time since last request: 45.666301 seconds.
  path: Assets/Scripts/PositionGenerator.cs
  artifactKey: Guid(4c1137f5f55a83a45ac7143a650031da) Importer(815301076,1909f56bfc062723c751e8b465ee728b)
Start importing Assets/Scripts/PositionGenerator.cs using Guid(4c1137f5f55a83a45ac7143a650031da) Importer(815301076,1909f56bfc062723c751e8b465ee728b)  -> (artifact id: 'd7849e92f9b8755a91f13c310968bf27') in 0.002389 seconds 
  Import took 0.006083 seconds .

========================================================================
Received Import Request.
  Time since last request: 11.448207 seconds.
  path: Assets/Scripts/PositionGenerator.cs
  artifactKey: Guid(4c1137f5f55a83a45ac7143a650031da) Importer(815301076,1909f56bfc062723c751e8b465ee728b)
Start importing Assets/Scripts/PositionGenerator.cs using Guid(4c1137f5f55a83a45ac7143a650031da) Importer(815301076,1909f56bfc062723c751e8b465ee728b)  -> (artifact id: '358f2f6e0541637f44fbb5b3c38923dc') in 0.002774 seconds 
  Import took 0.006872 seconds .

========================================================================
Received Import Request.
  Time since last request: 495.070349 seconds.
  path: Assets/Scripts/PositionGenerator.cs
  artifactKey: Guid(4c1137f5f55a83a45ac7143a650031da) Importer(815301076,1909f56bfc062723c751e8b465ee728b)
Start importing Assets/Scripts/PositionGenerator.cs using Guid(4c1137f5f55a83a45ac7143a650031da) Importer(815301076,1909f56bfc062723c751e8b465ee728b)  -> (artifact id: 'dae02bc33c5ef48cab2f01643dc6c996') in 0.007258 seconds 
  Import took 0.014141 seconds .

========================================================================
Received Import Request.
  Time since last request: 200.592207 seconds.
  path: Assets/Scripts/PositionGenerator.cs
  artifactKey: Guid(4c1137f5f55a83a45ac7143a650031da) Importer(815301076,1909f56bfc062723c751e8b465ee728b)
Start importing Assets/Scripts/PositionGenerator.cs using Guid(4c1137f5f55a83a45ac7143a650031da) Importer(815301076,1909f56bfc062723c751e8b465ee728b)  -> (artifact id: '8578483b746e4233d786ef05a7961f06') in 0.003527 seconds 
  Import took 0.010081 seconds .

========================================================================
Received Import Request.
  Time since last request: 15.217339 seconds.
  path: Assets/Scripts/PositionGenerator.cs
  artifactKey: Guid(4c1137f5f55a83a45ac7143a650031da) Importer(815301076,1909f56bfc062723c751e8b465ee728b)
Start importing Assets/Scripts/PositionGenerator.cs using Guid(4c1137f5f55a83a45ac7143a650031da) Importer(815301076,1909f56bfc062723c751e8b465ee728b)  -> (artifact id: 'f75623a55f2b5f45b6e0d1301dac68aa') in 0.004602 seconds 
  Import took 0.007753 seconds .

========================================================================
Received Import Request.
  Time since last request: 44.423495 seconds.
  path: Assets/Scripts/PositionGenerator.cs
  artifactKey: Guid(4c1137f5f55a83a45ac7143a650031da) Importer(815301076,1909f56bfc062723c751e8b465ee728b)
Start importing Assets/Scripts/PositionGenerator.cs using Guid(4c1137f5f55a83a45ac7143a650031da) Importer(815301076,1909f56bfc062723c751e8b465ee728b)  -> (artifact id: '778563221f802e420d06167544353905') in 0.009116 seconds 
  Import took 0.012254 seconds .

========================================================================
Received Import Request.
  Time since last request: 748.378046 seconds.
  path: Assets/Scripts/PositionGenerator.cs
  artifactKey: Guid(4c1137f5f55a83a45ac7143a650031da) Importer(815301076,1909f56bfc062723c751e8b465ee728b)
Start importing Assets/Scripts/PositionGenerator.cs using Guid(4c1137f5f55a83a45ac7143a650031da) Importer(815301076,1909f56bfc062723c751e8b465ee728b)  -> (artifact id: '49376ad1d95d1d11cef8bb8b62fc424c') in 0.001811 seconds 
  Import took 0.006404 seconds .

========================================================================
Received Import Request.
  Time since last request: 29.833136 seconds.
  path: Assets/Scripts/PositionGenerator.cs
  artifactKey: Guid(4c1137f5f55a83a45ac7143a650031da) Importer(815301076,1909f56bfc062723c751e8b465ee728b)
Start importing Assets/Scripts/PositionGenerator.cs using Guid(4c1137f5f55a83a45ac7143a650031da) Importer(815301076,1909f56bfc062723c751e8b465ee728b)  -> (artifact id: 'a73c41ff9b21a449ff20b32edc56f25f') in 0.002684 seconds 
  Import took 0.006247 seconds .

========================================================================
Received Import Request.
  Time since last request: 6956.034728 seconds.
  path: Assets/Scripts/PositionGenerator.cs
  artifactKey: Guid(4c1137f5f55a83a45ac7143a650031da) Importer(815301076,1909f56bfc062723c751e8b465ee728b)
Start importing Assets/Scripts/PositionGenerator.cs using Guid(4c1137f5f55a83a45ac7143a650031da) Importer(815301076,1909f56bfc062723c751e8b465ee728b)  -> (artifact id: '61dd3bea83868b604b503a77f106bfc8') in 0.004408 seconds 
  Import took 0.008925 seconds .

========================================================================
Received Import Request.
  Time since last request: 37.401720 seconds.
  path: Assets/Scripts/PositionGenerator.cs
  artifactKey: Guid(4c1137f5f55a83a45ac7143a650031da) Importer(815301076,1909f56bfc062723c751e8b465ee728b)
Start importing Assets/Scripts/PositionGenerator.cs using Guid(4c1137f5f55a83a45ac7143a650031da) Importer(815301076,1909f56bfc062723c751e8b465ee728b)  -> (artifact id: 'd30cf2e289b5164f6ecbe705e3cdc37d') in 0.002258 seconds 
  Import took 0.006319 seconds .

========================================================================
Received Import Request.
  Time since last request: 132.630662 seconds.
  path: Assets/Scripts/PositionGenerator.cs
  artifactKey: Guid(4c1137f5f55a83a45ac7143a650031da) Importer(815301076,1909f56bfc062723c751e8b465ee728b)
Start importing Assets/Scripts/PositionGenerator.cs using Guid(4c1137f5f55a83a45ac7143a650031da) Importer(815301076,1909f56bfc062723c751e8b465ee728b)  -> (artifact id: 'c1f5c2a8a9d6147523d0996f7b146d6b') in 0.004559 seconds 
  Import took 0.012222 seconds .

========================================================================
Received Import Request.
  Time since last request: 224.520105 seconds.
  path: Assets/Scripts/PositionGenerator.cs
  artifactKey: Guid(4c1137f5f55a83a45ac7143a650031da) Importer(815301076,1909f56bfc062723c751e8b465ee728b)
Start importing Assets/Scripts/PositionGenerator.cs using Guid(4c1137f5f55a83a45ac7143a650031da) Importer(815301076,1909f56bfc062723c751e8b465ee728b)  -> (artifact id: '1fea48deb670bf62e1c9d56f649a5f88') in 0.004520 seconds 
  Import took 0.008378 seconds .

========================================================================
Received Import Request.
  Time since last request: 44.305205 seconds.
  path: Assets/Scripts/PositionGenerator.cs
  artifactKey: Guid(4c1137f5f55a83a45ac7143a650031da) Importer(815301076,1909f56bfc062723c751e8b465ee728b)
Start importing Assets/Scripts/PositionGenerator.cs using Guid(4c1137f5f55a83a45ac7143a650031da) Importer(815301076,1909f56bfc062723c751e8b465ee728b)  -> (artifact id: '21bf750ce6cb3b2c5a5364995d4c2ad3') in 0.007631 seconds 
  Import took 0.011435 seconds .

========================================================================
Received Import Request.
  Time since last request: 13.553344 seconds.
  path: Assets/Scripts/PositionGenerator.cs
  artifactKey: Guid(4c1137f5f55a83a45ac7143a650031da) Importer(815301076,1909f56bfc062723c751e8b465ee728b)
Start importing Assets/Scripts/PositionGenerator.cs using Guid(4c1137f5f55a83a45ac7143a650031da) Importer(815301076,1909f56bfc062723c751e8b465ee728b)  -> (artifact id: 'f7c6b4a95db8b30698f3db3bcb891b8c') in 0.002256 seconds 
  Import took 0.004911 seconds .

========================================================================
Received Import Request.
  Time since last request: 135.828568 seconds.
  path: Assets/Scripts/PositionGenerator.cs
  artifactKey: Guid(4c1137f5f55a83a45ac7143a650031da) Importer(815301076,1909f56bfc062723c751e8b465ee728b)
Start importing Assets/Scripts/PositionGenerator.cs using Guid(4c1137f5f55a83a45ac7143a650031da) Importer(815301076,1909f56bfc062723c751e8b465ee728b)  -> (artifact id: '123018b326a1141e019d65b1f7323c77') in 0.004012 seconds 
  Import took 0.007505 seconds .

========================================================================
Received Import Request.
  Time since last request: 146.093831 seconds.
  path: Assets/Scripts/PositionGenerator.cs
  artifactKey: Guid(4c1137f5f55a83a45ac7143a650031da) Importer(815301076,1909f56bfc062723c751e8b465ee728b)
Start importing Assets/Scripts/PositionGenerator.cs using Guid(4c1137f5f55a83a45ac7143a650031da) Importer(815301076,1909f56bfc062723c751e8b465ee728b)  -> (artifact id: '983ec4a97662e25d541a56b0aa399b0d') in 0.008825 seconds 
  Import took 0.014285 seconds .

========================================================================
Received Import Request.
  Time since last request: 13.927683 seconds.
  path: Assets/Scripts/PositionGenerator.cs
  artifactKey: Guid(4c1137f5f55a83a45ac7143a650031da) Importer(815301076,1909f56bfc062723c751e8b465ee728b)
Start importing Assets/Scripts/PositionGenerator.cs using Guid(4c1137f5f55a83a45ac7143a650031da) Importer(815301076,1909f56bfc062723c751e8b465ee728b)  -> (artifact id: '60da84717986b69cf0c74e40d3ec80ef') in 0.004440 seconds 
  Import took 0.007591 seconds .

========================================================================
Received Import Request.
  Time since last request: 13.328251 seconds.
  path: Assets/Scripts/PositionGenerator.cs
  artifactKey: Guid(4c1137f5f55a83a45ac7143a650031da) Importer(815301076,1909f56bfc062723c751e8b465ee728b)
Start importing Assets/Scripts/PositionGenerator.cs using Guid(4c1137f5f55a83a45ac7143a650031da) Importer(815301076,1909f56bfc062723c751e8b465ee728b)  -> (artifact id: '1951250406943fae0a035e0dc74f79d6') in 0.002286 seconds 
  Import took 0.005667 seconds .

========================================================================
Received Import Request.
  Time since last request: 5.637068 seconds.
  path: Assets/Scripts/PositionGenerator.cs
  artifactKey: Guid(4c1137f5f55a83a45ac7143a650031da) Importer(815301076,1909f56bfc062723c751e8b465ee728b)
Start importing Assets/Scripts/PositionGenerator.cs using Guid(4c1137f5f55a83a45ac7143a650031da) Importer(815301076,1909f56bfc062723c751e8b465ee728b)  -> (artifact id: '008c602a3d2769df1de4b299ed6f92a7') in 0.004568 seconds 
  Import took 0.007653 seconds .

========================================================================
Received Import Request.
  Time since last request: 112.932780 seconds.
  path: Assets/Scripts/PositionGenerator.cs
  artifactKey: Guid(4c1137f5f55a83a45ac7143a650031da) Importer(815301076,1909f56bfc062723c751e8b465ee728b)
Start importing Assets/Scripts/PositionGenerator.cs using Guid(4c1137f5f55a83a45ac7143a650031da) Importer(815301076,1909f56bfc062723c751e8b465ee728b)  -> (artifact id: '6cf2b1eb55ca368cd5b6fd37062234d7') in 0.006451 seconds 
  Import took 0.009680 seconds .

========================================================================
Received Import Request.
  Time since last request: 6.894283 seconds.
  path: Assets/Scripts/PositionGenerator.cs
  artifactKey: Guid(4c1137f5f55a83a45ac7143a650031da) Importer(815301076,1909f56bfc062723c751e8b465ee728b)
Start importing Assets/Scripts/PositionGenerator.cs using Guid(4c1137f5f55a83a45ac7143a650031da) Importer(815301076,1909f56bfc062723c751e8b465ee728b)  -> (artifact id: 'b29fc062ab42b1bebe01a35aa2baf2d0') in 0.002035 seconds 
  Import took 0.007705 seconds .

========================================================================
Received Prepare
Registering precompiled user dll's ...
Registered in 0.002287 seconds.
Begin MonoManager ReloadAssembly
Native extension for WindowsStandalone target not found
Refreshing native plugins compatible for Editor in 0.34 ms, found 2 plugins.
Preloading 0 native plugins for Editor in 0.00 ms.
Mono: successfully reloaded assembly
- Completed reload, in  1.121 seconds
Domain Reload Profiling:
	ReloadAssembly (1122ms)
		BeginReloadAssembly (159ms)
			ExecutionOrderSort (0ms)
			DisableScriptedObjects (8ms)
			BackupInstance (0ms)
			ReleaseScriptingObjects (0ms)
			CreateAndSetChildDomain (67ms)
		EndReloadAssembly (886ms)
			LoadAssemblies (100ms)
			RebuildTransferFunctionScriptingTraits (0ms)
			SetupTypeCache (300ms)
			ReleaseScriptCaches (1ms)
			RebuildScriptCaches (42ms)
			SetupLoadedEditorAssemblies (328ms)
				LogAssemblyErrors (0ms)
				InitializePlatformSupportModulesInManaged (6ms)
				SetLoadedEditorAssemblies (1ms)
				RefreshPlugins (0ms)
				BeforeProcessingInitializeOnLoad (58ms)
				ProcessInitializeOnLoadAttributes (252ms)
				ProcessInitializeOnLoadMethodAttributes (5ms)
				AfterProcessingInitializeOnLoad (7ms)
				EditorAssembliesLoaded (0ms)
			ExecutionOrderSort2 (0ms)
			AwakeInstancesAfterBackupRestoration (8ms)
Platform modules already initialized, skipping
Refreshing native plugins compatible for Editor in 0.32 ms, found 2 plugins.
Preloading 0 native plugins for Editor in 0.00 ms.
Unloading 1392 Unused Serialized files (Serialized files now loaded: 0)
System memory in use before: 68.2 MB.
System memory in use after: 68.3 MB.

Unloading 11 unused Assets to reduce memory usage. Loaded Objects now: 1884.
Total: 3.406800 ms (FindLiveObjects: 0.148300 ms CreateObjectMapping: 0.045600 ms MarkObjects: 3.169100 ms  DeleteObjects: 0.042600 ms)

AssetImportParameters requested are different than current active one (requested -> active):
  custom:framework-win-MediaFoundation: 216162199b28c13a410421893ffa2e32 -> 
  custom:video-decoder-ogg-theora: a1e56fd34408186e4bbccfd4996cb3dc -> 
  custom:container-muxer-webm: aa71ff27fc2769a1b78a27578f13a17b -> 
  custom:container-demuxer-webm: 4f35f7cbe854078d1ac9338744f61a02 -> 
  custom:container-demuxer-ogg: 62fdf1f143b41e24485cea50d1cbac27 -> 
  custom:video-encoder-webm-vp8: eb34c28f22e8b96e1ab97ce403110664 -> 
  custom:video-decoder-webm-vp8: 9c59270c3fd7afecdb556c50c9e8de78 -> 
  custom:audio-decoder-ogg-vorbis: bf7c407c2cedff20999df2af8eb42d56 -> 
  custom:audio-encoder-webm-vorbis: bf7c407c2cedff20999df2af8eb42d56 -> 
========================================================================
Received Prepare
Registering precompiled user dll's ...
Registered in 0.002847 seconds.
Begin MonoManager ReloadAssembly
Native extension for WindowsStandalone target not found
Refreshing native plugins compatible for Editor in 0.32 ms, found 2 plugins.
Preloading 0 native plugins for Editor in 0.00 ms.
Mono: successfully reloaded assembly
- Completed reload, in  1.044 seconds
Domain Reload Profiling:
	ReloadAssembly (1044ms)
		BeginReloadAssembly (120ms)
			ExecutionOrderSort (0ms)
			DisableScriptedObjects (5ms)
			BackupInstance (0ms)
			ReleaseScriptingObjects (0ms)
			CreateAndSetChildDomain (34ms)
		EndReloadAssembly (849ms)
			LoadAssemblies (98ms)
			RebuildTransferFunctionScriptingTraits (0ms)
			SetupTypeCache (300ms)
			ReleaseScriptCaches (1ms)
			RebuildScriptCaches (44ms)
			SetupLoadedEditorAssemblies (303ms)
				LogAssemblyErrors (0ms)
				InitializePlatformSupportModulesInManaged (5ms)
				SetLoadedEditorAssemblies (0ms)
				RefreshPlugins (0ms)
				BeforeProcessingInitializeOnLoad (51ms)
				ProcessInitializeOnLoadAttributes (234ms)
				ProcessInitializeOnLoadMethodAttributes (5ms)
				AfterProcessingInitializeOnLoad (7ms)
				EditorAssembliesLoaded (0ms)
			ExecutionOrderSort2 (0ms)
			AwakeInstancesAfterBackupRestoration (8ms)
Platform modules already initialized, skipping
Refreshing native plugins compatible for Editor in 0.36 ms, found 2 plugins.
Preloading 0 native plugins for Editor in 0.00 ms.
Unloading 1392 Unused Serialized files (Serialized files now loaded: 0)
System memory in use before: 68.2 MB.
System memory in use after: 68.3 MB.

Unloading 11 unused Assets to reduce memory usage. Loaded Objects now: 1886.
Total: 3.203200 ms (FindLiveObjects: 0.141500 ms CreateObjectMapping: 0.043900 ms MarkObjects: 2.986900 ms  DeleteObjects: 0.029900 ms)

AssetImportParameters requested are different than current active one (requested -> active):
  custom:framework-win-MediaFoundation: 216162199b28c13a410421893ffa2e32 -> 
  custom:video-decoder-ogg-theora: a1e56fd34408186e4bbccfd4996cb3dc -> 
  custom:container-muxer-webm: aa71ff27fc2769a1b78a27578f13a17b -> 
  custom:container-demuxer-webm: 4f35f7cbe854078d1ac9338744f61a02 -> 
  custom:container-demuxer-ogg: 62fdf1f143b41e24485cea50d1cbac27 -> 
  custom:video-encoder-webm-vp8: eb34c28f22e8b96e1ab97ce403110664 -> 
  custom:video-decoder-webm-vp8: 9c59270c3fd7afecdb556c50c9e8de78 -> 
  custom:audio-decoder-ogg-vorbis: bf7c407c2cedff20999df2af8eb42d56 -> 
  custom:audio-encoder-webm-vorbis: bf7c407c2cedff20999df2af8eb42d56 -> 
========================================================================
Received Prepare
Registering precompiled user dll's ...
Registered in 0.002122 seconds.
Begin MonoManager ReloadAssembly
Native extension for WindowsStandalone target not found
Refreshing native plugins compatible for Editor in 0.34 ms, found 2 plugins.
Preloading 0 native plugins for Editor in 0.00 ms.
Mono: successfully reloaded assembly
- Completed reload, in  0.992 seconds
Domain Reload Profiling:
	ReloadAssembly (992ms)
		BeginReloadAssembly (120ms)
			ExecutionOrderSort (0ms)
			DisableScriptedObjects (5ms)
			BackupInstance (0ms)
			ReleaseScriptingObjects (0ms)
			CreateAndSetChildDomain (32ms)
		EndReloadAssembly (806ms)
			LoadAssemblies (88ms)
			RebuildTransferFunctionScriptingTraits (0ms)
			SetupTypeCache (279ms)
			ReleaseScriptCaches (1ms)
			RebuildScriptCaches (41ms)
			SetupLoadedEditorAssemblies (290ms)
				LogAssemblyErrors (0ms)
				InitializePlatformSupportModulesInManaged (5ms)
				SetLoadedEditorAssemblies (0ms)
				RefreshPlugins (0ms)
				BeforeProcessingInitializeOnLoad (53ms)
				ProcessInitializeOnLoadAttributes (220ms)
				ProcessInitializeOnLoadMethodAttributes (4ms)
				AfterProcessingInitializeOnLoad (7ms)
				EditorAssembliesLoaded (0ms)
			ExecutionOrderSort2 (0ms)
			AwakeInstancesAfterBackupRestoration (7ms)
Platform modules already initialized, skipping
Refreshing native plugins compatible for Editor in 0.32 ms, found 2 plugins.
Preloading 0 native plugins for Editor in 0.00 ms.
Unloading 1392 Unused Serialized files (Serialized files now loaded: 0)
System memory in use before: 68.2 MB.
System memory in use after: 68.3 MB.

Unloading 11 unused Assets to reduce memory usage. Loaded Objects now: 1888.
Total: 2.888400 ms (FindLiveObjects: 0.135400 ms CreateObjectMapping: 0.042700 ms MarkObjects: 2.692500 ms  DeleteObjects: 0.016600 ms)

AssetImportParameters requested are different than current active one (requested -> active):
  custom:framework-win-MediaFoundation: 216162199b28c13a410421893ffa2e32 -> 
  custom:video-decoder-ogg-theora: a1e56fd34408186e4bbccfd4996cb3dc -> 
  custom:container-muxer-webm: aa71ff27fc2769a1b78a27578f13a17b -> 
  custom:container-demuxer-webm: 4f35f7cbe854078d1ac9338744f61a02 -> 
  custom:container-demuxer-ogg: 62fdf1f143b41e24485cea50d1cbac27 -> 
  custom:video-encoder-webm-vp8: eb34c28f22e8b96e1ab97ce403110664 -> 
  custom:video-decoder-webm-vp8: 9c59270c3fd7afecdb556c50c9e8de78 -> 
  custom:audio-decoder-ogg-vorbis: bf7c407c2cedff20999df2af8eb42d56 -> 
  custom:audio-encoder-webm-vorbis: bf7c407c2cedff20999df2af8eb42d56 -> 
========================================================================
Received Prepare
Registering precompiled user dll's ...
Registered in 0.002081 seconds.
Begin MonoManager ReloadAssembly
Native extension for WindowsStandalone target not found
Refreshing native plugins compatible for Editor in 0.31 ms, found 2 plugins.
Preloading 0 native plugins for Editor in 0.00 ms.
Mono: successfully reloaded assembly
- Completed reload, in  0.990 seconds
Domain Reload Profiling:
	ReloadAssembly (990ms)
		BeginReloadAssembly (110ms)
			ExecutionOrderSort (0ms)
			DisableScriptedObjects (5ms)
			BackupInstance (0ms)
			ReleaseScriptingObjects (0ms)
			CreateAndSetChildDomain (31ms)
		EndReloadAssembly (813ms)
			LoadAssemblies (90ms)
			RebuildTransferFunctionScriptingTraits (0ms)
			SetupTypeCache (284ms)
			ReleaseScriptCaches (1ms)
			RebuildScriptCaches (41ms)
			SetupLoadedEditorAssemblies (293ms)
				LogAssemblyErrors (0ms)
				InitializePlatformSupportModulesInManaged (6ms)
				SetLoadedEditorAssemblies (1ms)
				RefreshPlugins (0ms)
				BeforeProcessingInitializeOnLoad (52ms)
				ProcessInitializeOnLoadAttributes (223ms)
				ProcessInitializeOnLoadMethodAttributes (5ms)
				AfterProcessingInitializeOnLoad (6ms)
				EditorAssembliesLoaded (0ms)
			ExecutionOrderSort2 (0ms)
			AwakeInstancesAfterBackupRestoration (7ms)
Platform modules already initialized, skipping
Refreshing native plugins compatible for Editor in 0.34 ms, found 2 plugins.
Preloading 0 native plugins for Editor in 0.00 ms.
Unloading 1392 Unused Serialized files (Serialized files now loaded: 0)
System memory in use before: 68.2 MB.
System memory in use after: 68.3 MB.

Unloading 11 unused Assets to reduce memory usage. Loaded Objects now: 1890.
Total: 3.478700 ms (FindLiveObjects: 0.133900 ms CreateObjectMapping: 0.042800 ms MarkObjects: 3.176900 ms  DeleteObjects: 0.124100 ms)

AssetImportParameters requested are different than current active one (requested -> active):
  custom:framework-win-MediaFoundation: 216162199b28c13a410421893ffa2e32 -> 
  custom:video-decoder-ogg-theora: a1e56fd34408186e4bbccfd4996cb3dc -> 
  custom:container-muxer-webm: aa71ff27fc2769a1b78a27578f13a17b -> 
  custom:container-demuxer-webm: 4f35f7cbe854078d1ac9338744f61a02 -> 
  custom:container-demuxer-ogg: 62fdf1f143b41e24485cea50d1cbac27 -> 
  custom:video-encoder-webm-vp8: eb34c28f22e8b96e1ab97ce403110664 -> 
  custom:video-decoder-webm-vp8: 9c59270c3fd7afecdb556c50c9e8de78 -> 
  custom:audio-decoder-ogg-vorbis: bf7c407c2cedff20999df2af8eb42d56 -> 
  custom:audio-encoder-webm-vorbis: bf7c407c2cedff20999df2af8eb42d56 -> 
========================================================================
Received Prepare
Registering precompiled user dll's ...
Registered in 0.002182 seconds.
Begin MonoManager ReloadAssembly
Native extension for WindowsStandalone target not found
Refreshing native plugins compatible for Editor in 0.32 ms, found 2 plugins.
Preloading 0 native plugins for Editor in 0.00 ms.
Mono: successfully reloaded assembly
- Completed reload, in  1.075 seconds
Domain Reload Profiling:
	ReloadAssembly (1076ms)
		BeginReloadAssembly (121ms)
			ExecutionOrderSort (0ms)
			DisableScriptedObjects (5ms)
			BackupInstance (0ms)
			ReleaseScriptingObjects (0ms)
			CreateAndSetChildDomain (33ms)
		EndReloadAssembly (883ms)
			LoadAssemblies (94ms)
			RebuildTransferFunctionScriptingTraits (0ms)
			SetupTypeCache (335ms)
			ReleaseScriptCaches (1ms)
			RebuildScriptCaches (42ms)
			SetupLoadedEditorAssemblies (302ms)
				LogAssemblyErrors (0ms)
				InitializePlatformSupportModulesInManaged (6ms)
				SetLoadedEditorAssemblies (1ms)
				RefreshPlugins (0ms)
				BeforeProcessingInitializeOnLoad (56ms)
				ProcessInitializeOnLoadAttributes (228ms)
				ProcessInitializeOnLoadMethodAttributes (5ms)
				AfterProcessingInitializeOnLoad (7ms)
				EditorAssembliesLoaded (0ms)
			ExecutionOrderSort2 (0ms)
			AwakeInstancesAfterBackupRestoration (9ms)
Platform modules already initialized, skipping
Refreshing native plugins compatible for Editor in 0.33 ms, found 2 plugins.
Preloading 0 native plugins for Editor in 0.00 ms.
Unloading 1392 Unused Serialized files (Serialized files now loaded: 0)
System memory in use before: 68.2 MB.
System memory in use after: 68.3 MB.

Unloading 11 unused Assets to reduce memory usage. Loaded Objects now: 1892.
Total: 2.906500 ms (FindLiveObjects: 0.148400 ms CreateObjectMapping: 0.048500 ms MarkObjects: 2.677400 ms  DeleteObjects: 0.031100 ms)

AssetImportParameters requested are different than current active one (requested -> active):
  custom:framework-win-MediaFoundation: 216162199b28c13a410421893ffa2e32 -> 
  custom:video-decoder-ogg-theora: a1e56fd34408186e4bbccfd4996cb3dc -> 
  custom:container-muxer-webm: aa71ff27fc2769a1b78a27578f13a17b -> 
  custom:container-demuxer-webm: 4f35f7cbe854078d1ac9338744f61a02 -> 
  custom:container-demuxer-ogg: 62fdf1f143b41e24485cea50d1cbac27 -> 
  custom:video-encoder-webm-vp8: eb34c28f22e8b96e1ab97ce403110664 -> 
  custom:video-decoder-webm-vp8: 9c59270c3fd7afecdb556c50c9e8de78 -> 
  custom:audio-decoder-ogg-vorbis: bf7c407c2cedff20999df2af8eb42d56 -> 
  custom:audio-encoder-webm-vorbis: bf7c407c2cedff20999df2af8eb42d56 -> 
========================================================================
Received Prepare
Registering precompiled user dll's ...
Registered in 0.002023 seconds.
Begin MonoManager ReloadAssembly
Native extension for WindowsStandalone target not found
Refreshing native plugins compatible for Editor in 0.31 ms, found 2 plugins.
Preloading 0 native plugins for Editor in 0.00 ms.
Mono: successfully reloaded assembly
- Completed reload, in  1.047 seconds
Domain Reload Profiling:
	ReloadAssembly (1047ms)
		BeginReloadAssembly (116ms)
			ExecutionOrderSort (0ms)
			DisableScriptedObjects (5ms)
			BackupInstance (0ms)
			ReleaseScriptingObjects (0ms)
			CreateAndSetChildDomain (34ms)
		EndReloadAssembly (855ms)
			LoadAssemblies (96ms)
			RebuildTransferFunctionScriptingTraits (0ms)
			SetupTypeCache (298ms)
			ReleaseScriptCaches (1ms)
			RebuildScriptCaches (41ms)
			SetupLoadedEditorAssemblies (312ms)
				LogAssemblyErrors (0ms)
				InitializePlatformSupportModulesInManaged (6ms)
				SetLoadedEditorAssemblies (0ms)
				RefreshPlugins (0ms)
				BeforeProcessingInitializeOnLoad (57ms)
				ProcessInitializeOnLoadAttributes (236ms)
				ProcessInitializeOnLoadMethodAttributes (5ms)
				AfterProcessingInitializeOnLoad (7ms)
				EditorAssembliesLoaded (0ms)
			ExecutionOrderSort2 (0ms)
			AwakeInstancesAfterBackupRestoration (7ms)
Platform modules already initialized, skipping
Refreshing native plugins compatible for Editor in 0.31 ms, found 2 plugins.
Preloading 0 native plugins for Editor in 0.00 ms.
Unloading 1392 Unused Serialized files (Serialized files now loaded: 0)
System memory in use before: 68.2 MB.
System memory in use after: 68.3 MB.

Unloading 11 unused Assets to reduce memory usage. Loaded Objects now: 1894.
Total: 3.276500 ms (FindLiveObjects: 0.141600 ms CreateObjectMapping: 0.044900 ms MarkObjects: 3.073000 ms  DeleteObjects: 0.016000 ms)

AssetImportParameters requested are different than current active one (requested -> active):
  custom:framework-win-MediaFoundation: 216162199b28c13a410421893ffa2e32 -> 
  custom:video-decoder-ogg-theora: a1e56fd34408186e4bbccfd4996cb3dc -> 
  custom:container-muxer-webm: aa71ff27fc2769a1b78a27578f13a17b -> 
  custom:container-demuxer-webm: 4f35f7cbe854078d1ac9338744f61a02 -> 
  custom:container-demuxer-ogg: 62fdf1f143b41e24485cea50d1cbac27 -> 
  custom:video-encoder-webm-vp8: eb34c28f22e8b96e1ab97ce403110664 -> 
  custom:video-decoder-webm-vp8: 9c59270c3fd7afecdb556c50c9e8de78 -> 
  custom:audio-decoder-ogg-vorbis: bf7c407c2cedff20999df2af8eb42d56 -> 
  custom:audio-encoder-webm-vorbis: bf7c407c2cedff20999df2af8eb42d56 -> 
========================================================================
Received Prepare
Registering precompiled user dll's ...
Registered in 0.001980 seconds.
Begin MonoManager ReloadAssembly
Native extension for WindowsStandalone target not found
Refreshing native plugins compatible for Editor in 0.30 ms, found 2 plugins.
Preloading 0 native plugins for Editor in 0.00 ms.
Mono: successfully reloaded assembly
- Completed reload, in  1.076 seconds
Domain Reload Profiling:
	ReloadAssembly (1077ms)
		BeginReloadAssembly (115ms)
			ExecutionOrderSort (0ms)
			DisableScriptedObjects (5ms)
			BackupInstance (0ms)
			ReleaseScriptingObjects (0ms)
			CreateAndSetChildDomain (31ms)
		EndReloadAssembly (890ms)
			LoadAssemblies (94ms)
			RebuildTransferFunctionScriptingTraits (0ms)
			SetupTypeCache (298ms)
			ReleaseScriptCaches (1ms)
			RebuildScriptCaches (44ms)
			SetupLoadedEditorAssemblies (342ms)
				LogAssemblyErrors (0ms)
				InitializePlatformSupportModulesInManaged (6ms)
				SetLoadedEditorAssemblies (1ms)
				RefreshPlugins (0ms)
				BeforeProcessingInitializeOnLoad (58ms)
				ProcessInitializeOnLoadAttributes (262ms)
				ProcessInitializeOnLoadMethodAttributes (5ms)
				AfterProcessingInitializeOnLoad (9ms)
				EditorAssembliesLoaded (0ms)
			ExecutionOrderSort2 (0ms)
			AwakeInstancesAfterBackupRestoration (8ms)
Platform modules already initialized, skipping
Refreshing native plugins compatible for Editor in 0.38 ms, found 2 plugins.
Preloading 0 native plugins for Editor in 0.00 ms.
Unloading 1392 Unused Serialized files (Serialized files now loaded: 0)
System memory in use before: 68.2 MB.
System memory in use after: 68.3 MB.

Unloading 11 unused Assets to reduce memory usage. Loaded Objects now: 1896.
Total: 3.196100 ms (FindLiveObjects: 0.158700 ms CreateObjectMapping: 0.052300 ms MarkObjects: 2.965000 ms  DeleteObjects: 0.018700 ms)

AssetImportParameters requested are different than current active one (requested -> active):
  custom:framework-win-MediaFoundation: 216162199b28c13a410421893ffa2e32 -> 
  custom:video-decoder-ogg-theora: a1e56fd34408186e4bbccfd4996cb3dc -> 
  custom:container-muxer-webm: aa71ff27fc2769a1b78a27578f13a17b -> 
  custom:container-demuxer-webm: 4f35f7cbe854078d1ac9338744f61a02 -> 
  custom:container-demuxer-ogg: 62fdf1f143b41e24485cea50d1cbac27 -> 
  custom:video-encoder-webm-vp8: eb34c28f22e8b96e1ab97ce403110664 -> 
  custom:video-decoder-webm-vp8: 9c59270c3fd7afecdb556c50c9e8de78 -> 
  custom:audio-decoder-ogg-vorbis: bf7c407c2cedff20999df2af8eb42d56 -> 
  custom:audio-encoder-webm-vorbis: bf7c407c2cedff20999df2af8eb42d56 -> 
========================================================================
Received Prepare
Registering precompiled user dll's ...
Registered in 0.002047 seconds.
Begin MonoManager ReloadAssembly
Native extension for WindowsStandalone target not found
Refreshing native plugins compatible for Editor in 0.30 ms, found 2 plugins.
Preloading 0 native plugins for Editor in 0.00 ms.
Mono: successfully reloaded assembly
- Completed reload, in  1.001 seconds
Domain Reload Profiling:
	ReloadAssembly (1001ms)
		BeginReloadAssembly (112ms)
			ExecutionOrderSort (0ms)
			DisableScriptedObjects (6ms)
			BackupInstance (0ms)
			ReleaseScriptingObjects (0ms)
			CreateAndSetChildDomain (33ms)
		EndReloadAssembly (820ms)
			LoadAssemblies (91ms)
			RebuildTransferFunctionScriptingTraits (0ms)
			SetupTypeCache (289ms)
			ReleaseScriptCaches (1ms)
			RebuildScriptCaches (43ms)
			SetupLoadedEditorAssemblies (290ms)
				LogAssemblyErrors (0ms)
				InitializePlatformSupportModulesInManaged (6ms)
				SetLoadedEditorAssemblies (0ms)
				RefreshPlugins (0ms)
				BeforeProcessingInitializeOnLoad (54ms)
				ProcessInitializeOnLoadAttributes (217ms)
				ProcessInitializeOnLoadMethodAttributes (5ms)
				AfterProcessingInitializeOnLoad (7ms)
				EditorAssembliesLoaded (0ms)
			ExecutionOrderSort2 (0ms)
			AwakeInstancesAfterBackupRestoration (8ms)
Platform modules already initialized, skipping
Refreshing native plugins compatible for Editor in 0.32 ms, found 2 plugins.
Preloading 0 native plugins for Editor in 0.00 ms.
Unloading 1392 Unused Serialized files (Serialized files now loaded: 0)
System memory in use before: 68.2 MB.
System memory in use after: 68.3 MB.

Unloading 11 unused Assets to reduce memory usage. Loaded Objects now: 1898.
Total: 3.084700 ms (FindLiveObjects: 0.146000 ms CreateObjectMapping: 0.049700 ms MarkObjects: 2.858100 ms  DeleteObjects: 0.029600 ms)

AssetImportParameters requested are different than current active one (requested -> active):
  custom:framework-win-MediaFoundation: 216162199b28c13a410421893ffa2e32 -> 
  custom:video-decoder-ogg-theora: a1e56fd34408186e4bbccfd4996cb3dc -> 
  custom:container-muxer-webm: aa71ff27fc2769a1b78a27578f13a17b -> 
  custom:container-demuxer-webm: 4f35f7cbe854078d1ac9338744f61a02 -> 
  custom:container-demuxer-ogg: 62fdf1f143b41e24485cea50d1cbac27 -> 
  custom:video-encoder-webm-vp8: eb34c28f22e8b96e1ab97ce403110664 -> 
  custom:video-decoder-webm-vp8: 9c59270c3fd7afecdb556c50c9e8de78 -> 
  custom:audio-decoder-ogg-vorbis: bf7c407c2cedff20999df2af8eb42d56 -> 
  custom:audio-encoder-webm-vorbis: bf7c407c2cedff20999df2af8eb42d56 -> 
========================================================================
Received Import Request.
  Time since last request: 1506.004407 seconds.
  path: Assets/Materials/Mat_3.mat
  artifactKey: Guid(9527c08f2defc2f44aee1c591048d9d9) Importer(815301076,1909f56bfc062723c751e8b465ee728b)
Start importing Assets/Materials/Mat_3.mat using Guid(9527c08f2defc2f44aee1c591048d9d9) Importer(815301076,1909f56bfc062723c751e8b465ee728b)  -> (artifact id: '6dee7cc33512b007122b68fa305e5f80') in 0.075387 seconds 
  Import took 0.078471 seconds .

========================================================================
Received Import Request.
  Time since last request: 40.675793 seconds.
  path: Assets/Materials/Mat_3.mat
  artifactKey: Guid(9527c08f2defc2f44aee1c591048d9d9) Importer(815301076,1909f56bfc062723c751e8b465ee728b)
Start importing Assets/Materials/Mat_3.mat using Guid(9527c08f2defc2f44aee1c591048d9d9) Importer(815301076,1909f56bfc062723c751e8b465ee728b)  -> (artifact id: '07b930831caef304602ae2a12e1ec1cd') in 0.011778 seconds 
  Import took 0.015121 seconds .

========================================================================
Received Prepare
Registering precompiled user dll's ...
Registered in 0.002266 seconds.
Begin MonoManager ReloadAssembly
Native extension for WindowsStandalone target not found
Refreshing native plugins compatible for Editor in 0.31 ms, found 2 plugins.
Preloading 0 native plugins for Editor in 0.00 ms.
Mono: successfully reloaded assembly
- Completed reload, in  1.064 seconds
Domain Reload Profiling:
	ReloadAssembly (1064ms)
		BeginReloadAssembly (132ms)
			ExecutionOrderSort (0ms)
			DisableScriptedObjects (5ms)
			BackupInstance (0ms)
			ReleaseScriptingObjects (0ms)
			CreateAndSetChildDomain (37ms)
		EndReloadAssembly (856ms)
			LoadAssemblies (122ms)
			RebuildTransferFunctionScriptingTraits (0ms)
			SetupTypeCache (292ms)
			ReleaseScriptCaches (1ms)
			RebuildScriptCaches (40ms)
			SetupLoadedEditorAssemblies (302ms)
				LogAssemblyErrors (0ms)
				InitializePlatformSupportModulesInManaged (6ms)
				SetLoadedEditorAssemblies (0ms)
				RefreshPlugins (0ms)
				BeforeProcessingInitializeOnLoad (52ms)
				ProcessInitializeOnLoadAttributes (232ms)
				ProcessInitializeOnLoadMethodAttributes (5ms)
				AfterProcessingInitializeOnLoad (7ms)
				EditorAssembliesLoaded (0ms)
			ExecutionOrderSort2 (0ms)
			AwakeInstancesAfterBackupRestoration (8ms)
Platform modules already initialized, skipping
Refreshing native plugins compatible for Editor in 0.34 ms, found 2 plugins.
Preloading 0 native plugins for Editor in 0.00 ms.
Unloading 1392 Unused Serialized files (Serialized files now loaded: 0)
System memory in use before: 68.3 MB.
System memory in use after: 68.4 MB.

Unloading 11 unused Assets to reduce memory usage. Loaded Objects now: 1901.
Total: 3.399300 ms (FindLiveObjects: 0.140000 ms CreateObjectMapping: 0.158400 ms MarkObjects: 3.063800 ms  DeleteObjects: 0.035900 ms)

AssetImportParameters requested are different than current active one (requested -> active):
  custom:framework-win-MediaFoundation: 216162199b28c13a410421893ffa2e32 -> 
  custom:video-decoder-ogg-theora: a1e56fd34408186e4bbccfd4996cb3dc -> 
  custom:container-muxer-webm: aa71ff27fc2769a1b78a27578f13a17b -> 
  custom:container-demuxer-webm: 4f35f7cbe854078d1ac9338744f61a02 -> 
  custom:container-demuxer-ogg: 62fdf1f143b41e24485cea50d1cbac27 -> 
  custom:video-encoder-webm-vp8: eb34c28f22e8b96e1ab97ce403110664 -> 
  custom:video-decoder-webm-vp8: 9c59270c3fd7afecdb556c50c9e8de78 -> 
  custom:audio-decoder-ogg-vorbis: bf7c407c2cedff20999df2af8eb42d56 -> 
  custom:audio-encoder-webm-vorbis: bf7c407c2cedff20999df2af8eb42d56 -> 
========================================================================
Received Import Request.
  Time since last request: 43.076103 seconds.
  path: Assets/Prefabs/Player.prefab
  artifactKey: Guid(bc24f587631ef9a4dbdfadc9eb45ebfc) Importer(815301076,1909f56bfc062723c751e8b465ee728b)
Start importing Assets/Prefabs/Player.prefab using Guid(bc24f587631ef9a4dbdfadc9eb45ebfc) Importer(815301076,1909f56bfc062723c751e8b465ee728b)  -> (artifact id: 'f9ef96491ae95cb4f761e1b60e0549dd') in 0.065416 seconds 
  Import took 0.068723 seconds .

========================================================================
Received Prepare
Registering precompiled user dll's ...
Registered in 0.002095 seconds.
Begin MonoManager ReloadAssembly
Native extension for WindowsStandalone target not found
Refreshing native plugins compatible for Editor in 0.30 ms, found 2 plugins.
Preloading 0 native plugins for Editor in 0.00 ms.
Mono: successfully reloaded assembly
- Completed reload, in  1.019 seconds
Domain Reload Profiling:
	ReloadAssembly (1019ms)
		BeginReloadAssembly (111ms)
			ExecutionOrderSort (0ms)
			DisableScriptedObjects (5ms)
			BackupInstance (0ms)
			ReleaseScriptingObjects (0ms)
			CreateAndSetChildDomain (36ms)
		EndReloadAssembly (834ms)
			LoadAssemblies (89ms)
			RebuildTransferFunctionScriptingTraits (0ms)
			SetupTypeCache (289ms)
			ReleaseScriptCaches (1ms)
			RebuildScriptCaches (45ms)
			SetupLoadedEditorAssemblies (302ms)
				LogAssemblyErrors (0ms)
				InitializePlatformSupportModulesInManaged (6ms)
				SetLoadedEditorAssemblies (0ms)
				RefreshPlugins (0ms)
				BeforeProcessingInitializeOnLoad (51ms)
				ProcessInitializeOnLoadAttributes (233ms)
				ProcessInitializeOnLoadMethodAttributes (5ms)
				AfterProcessingInitializeOnLoad (7ms)
				EditorAssembliesLoaded (0ms)
			ExecutionOrderSort2 (0ms)
			AwakeInstancesAfterBackupRestoration (8ms)
Platform modules already initialized, skipping
Refreshing native plugins compatible for Editor in 0.33 ms, found 2 plugins.
Preloading 0 native plugins for Editor in 0.00 ms.
Unloading 1392 Unused Serialized files (Serialized files now loaded: 0)
System memory in use before: 68.3 MB.
System memory in use after: 68.4 MB.

Unloading 11 unused Assets to reduce memory usage. Loaded Objects now: 1904.
Total: 3.239100 ms (FindLiveObjects: 0.143700 ms CreateObjectMapping: 0.058100 ms MarkObjects: 2.999000 ms  DeleteObjects: 0.037000 ms)

AssetImportParameters requested are different than current active one (requested -> active):
  custom:framework-win-MediaFoundation: 216162199b28c13a410421893ffa2e32 -> 
  custom:video-decoder-ogg-theora: a1e56fd34408186e4bbccfd4996cb3dc -> 
  custom:container-muxer-webm: aa71ff27fc2769a1b78a27578f13a17b -> 
  custom:container-demuxer-webm: 4f35f7cbe854078d1ac9338744f61a02 -> 
  custom:container-demuxer-ogg: 62fdf1f143b41e24485cea50d1cbac27 -> 
  custom:video-encoder-webm-vp8: eb34c28f22e8b96e1ab97ce403110664 -> 
  custom:video-decoder-webm-vp8: 9c59270c3fd7afecdb556c50c9e8de78 -> 
  custom:audio-decoder-ogg-vorbis: bf7c407c2cedff20999df2af8eb42d56 -> 
  custom:audio-encoder-webm-vorbis: bf7c407c2cedff20999df2af8eb42d56 -> 
========================================================================
Received Prepare
Registering precompiled user dll's ...
Registered in 0.002078 seconds.
Begin MonoManager ReloadAssembly
Native extension for WindowsStandalone target not found
Refreshing native plugins compatible for Editor in 0.30 ms, found 2 plugins.
Preloading 0 native plugins for Editor in 0.00 ms.
Mono: successfully reloaded assembly
- Completed reload, in  0.995 seconds
Domain Reload Profiling:
	ReloadAssembly (996ms)
		BeginReloadAssembly (116ms)
			ExecutionOrderSort (0ms)
			DisableScriptedObjects (5ms)
			BackupInstance (0ms)
			ReleaseScriptingObjects (0ms)
			CreateAndSetChildDomain (33ms)
		EndReloadAssembly (810ms)
			LoadAssemblies (90ms)
			RebuildTransferFunctionScriptingTraits (0ms)
			SetupTypeCache (285ms)
			ReleaseScriptCaches (1ms)
			RebuildScriptCaches (42ms)
			SetupLoadedEditorAssemblies (289ms)
				LogAssemblyErrors (0ms)
				InitializePlatformSupportModulesInManaged (5ms)
				SetLoadedEditorAssemblies (0ms)
				RefreshPlugins (0ms)
				BeforeProcessingInitializeOnLoad (51ms)
				ProcessInitializeOnLoadAttributes (221ms)
				ProcessInitializeOnLoadMethodAttributes (5ms)
				AfterProcessingInitializeOnLoad (7ms)
				EditorAssembliesLoaded (0ms)
			ExecutionOrderSort2 (0ms)
			AwakeInstancesAfterBackupRestoration (8ms)
Platform modules already initialized, skipping
Refreshing native plugins compatible for Editor in 0.32 ms, found 2 plugins.
Preloading 0 native plugins for Editor in 0.00 ms.
Unloading 1392 Unused Serialized files (Serialized files now loaded: 0)
System memory in use before: 68.3 MB.
System memory in use after: 68.4 MB.

Unloading 11 unused Assets to reduce memory usage. Loaded Objects now: 1906.
Total: 3.519500 ms (FindLiveObjects: 0.139300 ms CreateObjectMapping: 0.044600 ms MarkObjects: 3.292300 ms  DeleteObjects: 0.042200 ms)

AssetImportParameters requested are different than current active one (requested -> active):
  custom:framework-win-MediaFoundation: 216162199b28c13a410421893ffa2e32 -> 
  custom:video-decoder-ogg-theora: a1e56fd34408186e4bbccfd4996cb3dc -> 
  custom:container-muxer-webm: aa71ff27fc2769a1b78a27578f13a17b -> 
  custom:container-demuxer-webm: 4f35f7cbe854078d1ac9338744f61a02 -> 
  custom:container-demuxer-ogg: 62fdf1f143b41e24485cea50d1cbac27 -> 
  custom:video-encoder-webm-vp8: eb34c28f22e8b96e1ab97ce403110664 -> 
  custom:video-decoder-webm-vp8: 9c59270c3fd7afecdb556c50c9e8de78 -> 
  custom:audio-decoder-ogg-vorbis: bf7c407c2cedff20999df2af8eb42d56 -> 
  custom:audio-encoder-webm-vorbis: bf7c407c2cedff20999df2af8eb42d56 -> 
========================================================================
Received Prepare
Registering precompiled user dll's ...
Registered in 0.002655 seconds.
Begin MonoManager ReloadAssembly
Native extension for WindowsStandalone target not found
Refreshing native plugins compatible for Editor in 0.32 ms, found 2 plugins.
Preloading 0 native plugins for Editor in 0.00 ms.
Mono: successfully reloaded assembly
- Completed reload, in  1.102 seconds
Domain Reload Profiling:
	ReloadAssembly (1103ms)
		BeginReloadAssembly (160ms)
			ExecutionOrderSort (0ms)
			DisableScriptedObjects (7ms)
			BackupInstance (0ms)
			ReleaseScriptingObjects (0ms)
			CreateAndSetChildDomain (45ms)
		EndReloadAssembly (841ms)
			LoadAssemblies (125ms)
			RebuildTransferFunctionScriptingTraits (0ms)
			SetupTypeCache (308ms)
			ReleaseScriptCaches (1ms)
			RebuildScriptCaches (40ms)
			SetupLoadedEditorAssemblies (286ms)
				LogAssemblyErrors (0ms)
				InitializePlatformSupportModulesInManaged (6ms)
				SetLoadedEditorAssemblies (0ms)
				RefreshPlugins (0ms)
				BeforeProcessingInitializeOnLoad (50ms)
				ProcessInitializeOnLoadAttributes (218ms)
				ProcessInitializeOnLoadMethodAttributes (4ms)
				AfterProcessingInitializeOnLoad (7ms)
				EditorAssembliesLoaded (0ms)
			ExecutionOrderSort2 (0ms)
			AwakeInstancesAfterBackupRestoration (7ms)
Platform modules already initialized, skipping
Refreshing native plugins compatible for Editor in 0.33 ms, found 2 plugins.
Preloading 0 native plugins for Editor in 0.00 ms.
Unloading 1392 Unused Serialized files (Serialized files now loaded: 0)
System memory in use before: 68.3 MB.
System memory in use after: 68.4 MB.

Unloading 11 unused Assets to reduce memory usage. Loaded Objects now: 1908.
Total: 3.404900 ms (FindLiveObjects: 0.150300 ms CreateObjectMapping: 0.046600 ms MarkObjects: 3.151600 ms  DeleteObjects: 0.042700 ms)

AssetImportParameters requested are different than current active one (requested -> active):
  custom:framework-win-MediaFoundation: 216162199b28c13a410421893ffa2e32 -> 
  custom:video-decoder-ogg-theora: a1e56fd34408186e4bbccfd4996cb3dc -> 
  custom:container-muxer-webm: aa71ff27fc2769a1b78a27578f13a17b -> 
  custom:container-demuxer-webm: 4f35f7cbe854078d1ac9338744f61a02 -> 
  custom:container-demuxer-ogg: 62fdf1f143b41e24485cea50d1cbac27 -> 
  custom:video-encoder-webm-vp8: eb34c28f22e8b96e1ab97ce403110664 -> 
  custom:video-decoder-webm-vp8: 9c59270c3fd7afecdb556c50c9e8de78 -> 
  custom:audio-decoder-ogg-vorbis: bf7c407c2cedff20999df2af8eb42d56 -> 
  custom:audio-encoder-webm-vorbis: bf7c407c2cedff20999df2af8eb42d56 -> 
AssetImportWorkerClient::OnTransportError - code=2 error=End of file
